<?xml version="1.0" encoding="UTF-8"?>
<coverage generated="1771570757559" clover="3.2.0">
  <project timestamp="1771570757559" name="All files">
    <metrics statements="45" coveredstatements="43" conditionals="30" coveredconditionals="27" methods="29" coveredmethods="29" elements="104" coveredelements="99" complexity="0" loc="45" ncloc="45" packages="2" files="2" classes="2"/>
    <package name="components">
      <metrics statements="45" coveredstatements="43" conditionals="30" coveredconditionals="27" methods="29" coveredmethods="29"/>
      <file name="Habits.jsx" path="/Users/niyatigadpande/Desktop/habit-tracker/src/components/Habits.jsx">
        <metrics statements="45" coveredstatements="43" conditionals="30" coveredconditionals="27" methods="29" coveredmethods="29"/>
        <line num="6" count="84" type="stmt"/>
        <line num="7" count="18" type="stmt"/>
        <line num="8" count="18" type="stmt"/>
        <line num="9" count="18" type="cond" truecount="2" falsecount="0"/>
        <line num="11" count="0" type="stmt"/>
        <line num="14" count="84" type="stmt"/>
        <line num="15" count="84" type="stmt"/>
        <line num="17" count="84" type="stmt"/>
        <line num="18" count="55" type="stmt"/>
        <line num="22" count="23" type="stmt"/>
        <line num="23" count="23" type="stmt"/>
        <line num="24" count="23" type="cond" truecount="3" falsecount="1"/>
        <line num="28" count="23" type="cond" truecount="1" falsecount="1"/>
        <line num="29" count="23" type="stmt"/>
        <line num="33" count="23" type="stmt"/>
        <line num="37" count="24" type="stmt"/>
        <line num="38" count="24" type="stmt"/>
        <line num="42" count="2" type="stmt"/>
        <line num="46" count="10" type="stmt"/>
        <line num="47" count="10" type="stmt"/>
        <line num="48" count="16" type="cond" truecount="2" falsecount="0"/>
        <line num="54" count="84" type="stmt"/>
        <line num="55" count="84" type="cond" truecount="4" falsecount="0"/>
        <line num="57" count="3" type="stmt"/>
        <line num="58" count="2" type="stmt"/>
        <line num="60" count="3" type="stmt"/>
        <line num="61" count="2" type="stmt"/>
        <line num="64" count="80" type="stmt"/>
        <line num="66" count="84" type="stmt"/>
        <line num="70" count="4" type="stmt"/>
        <line num="71" count="2" type="stmt"/>
        <line num="76" count="1" type="stmt"/>
        <line num="77" count="1" type="cond" truecount="1" falsecount="1"/>
        <line num="78" count="1" type="stmt"/>
        <line num="80" count="0" type="stmt"/>
        <line num="84" count="84" type="stmt"/>
        <line num="85" count="84" type="stmt"/>
        <line num="87" count="84" type="stmt"/>
        <line num="95" count="1" type="cond" truecount="2" falsecount="0"/>
        <line num="96" count="2" type="cond" truecount="2" falsecount="0"/>
        <line num="97" count="2" type="cond" truecount="2" falsecount="0"/>
        <line num="108" count="64" type="stmt"/>
        <line num="109" count="10" type="stmt"/>
        <line num="112" count="1" type="stmt"/>
        <line num="116" count="1" type="stmt"/>
      </file>
    </package>
    <package name="styles">
      <metrics statements="0" coveredstatements="0" conditionals="0" coveredconditionals="0" methods="0" coveredmethods="0"/>
      <file name="Habits.scss" path="/Users/niyatigadpande/Desktop/habit-tracker/src/styles/Habits.scss">
        <metrics statements="0" coveredstatements="0" conditionals="0" coveredconditionals="0" methods="0" coveredmethods="0"/>
      </file>
    </package>
  </project>
</coverage>
