{"/Users/niyatigadpande/Desktop/habit-tracker/src/components/Habits.jsx": {"path":"/Users/niyatigadpande/Desktop/habit-tracker/src/components/Habits.jsx","statementMap":{"0":{"start":{"line":6,"column":27},"end":{"line":13,"column":null}},"1":{"start":{"line":7,"column":2},"end":{"line":12,"column":null}},"2":{"start":{"line":8,"column":18},"end":{"line":8,"column":null}},"3":{"start":{"line":9,"column":4},"end":{"line":9,"column":null}},"4":{"start":{"line":11,"column":4},"end":{"line":11,"column":null}},"5":{"start":{"line":14,"column":32},"end":{"line":14,"column":null}},"6":{"start":{"line":15,"column":24},"end":{"line":15,"column":null}},"7":{"start":{"line":17,"column":0},"end":{"line":19,"column":null}},"8":{"start":{"line":18,"column":2},"end":{"line":18,"column":null}},"9":{"start":{"line":22,"column":2},"end":{"line":22,"column":null}},"10":{"start":{"line":23,"column":15},"end":{"line":23,"column":null}},"11":{"start":{"line":24,"column":14},"end":{"line":26,"column":null}},"12":{"start":{"line":28,"column":2},"end":{"line":28,"column":null}},"13":{"start":{"line":28,"column":13},"end":{"line":28,"column":null}},"14":{"start":{"line":29,"column":2},"end":{"line":32,"column":null}},"15":{"start":{"line":29,"column":23},"end":{"line":32,"column":3}},"16":{"start":{"line":33,"column":2},"end":{"line":33,"column":null}},"17":{"start":{"line":37,"column":16},"end":{"line":37,"column":null}},"18":{"start":{"line":38,"column":2},"end":{"line":38,"column":null}},"19":{"start":{"line":42,"column":2},"end":{"line":42,"column":null}},"20":{"start":{"line":42,"column":23},"end":{"line":42,"column":58}},"21":{"start":{"line":42,"column":43},"end":{"line":42,"column":57}},"22":{"start":{"line":46,"column":2},"end":{"line":50,"column":null}},"23":{"start":{"line":47,"column":4},"end":{"line":49,"column":null}},"24":{"start":{"line":48,"column":6},"end":{"line":48,"column":null}},"25":{"start":{"line":54,"column":22},"end":{"line":54,"column":null}},"26":{"start":{"line":55,"column":2},"end":{"line":65,"column":null}},"27":{"start":{"line":57,"column":6},"end":{"line":57,"column":null}},"28":{"start":{"line":57,"column":44},"end":{"line":57,"column":54}},"29":{"start":{"line":58,"column":6},"end":{"line":58,"column":null}},"30":{"start":{"line":60,"column":4},"end":{"line":60,"column":null}},"31":{"start":{"line":60,"column":42},"end":{"line":60,"column":51}},"32":{"start":{"line":61,"column":6},"end":{"line":61,"column":null}},"33":{"start":{"line":64,"column":6},"end":{"line":64,"column":null}},"34":{"start":{"line":66,"column":2},"end":{"line":66,"column":null}},"35":{"start":{"line":70,"column":2},"end":{"line":70,"column":null}},"36":{"start":{"line":70,"column":23},"end":{"line":70,"column":54}},"37":{"start":{"line":70,"column":43},"end":{"line":70,"column":53}},"38":{"start":{"line":71,"column":2},"end":{"line":71,"column":null}},"39":{"start":{"line":76,"column":2},"end":{"line":81,"column":null}},"40":{"start":{"line":76,"column":23},"end":{"line":81,"column":4}},"41":{"start":{"line":77,"column":4},"end":{"line":79,"column":null}},"42":{"start":{"line":78,"column":6},"end":{"line":78,"column":null}},"43":{"start":{"line":80,"column":4},"end":{"line":80,"column":null}},"44":{"start":{"line":84,"column":22},"end":{"line":84,"column":null}},"45":{"start":{"line":85,"column":21},"end":{"line":85,"column":null}},"46":{"start":{"line":85,"column":38},"end":{"line":85,"column":44}},"47":{"start":{"line":87,"column":0},"end":{"line":121,"column":null}},"48":{"start":{"line":95,"column":47},"end":{"line":95,"column":65}},"49":{"start":{"line":96,"column":47},"end":{"line":96,"column":68}},"50":{"start":{"line":97,"column":47},"end":{"line":97,"column":71}},"51":{"start":{"line":108,"column":10},"end":{"line":117,"column":null}},"52":{"start":{"line":109,"column":90},"end":{"line":109,"column":117}},"53":{"start":{"line":112,"column":33},"end":{"line":112,"column":null}},"54":{"start":{"line":116,"column":85},"end":{"line":116,"column":104}}},"fnMap":{"0":{"name":"Habits","decl":{"start":{"line":5,"column":9},"end":{"line":5,"column":18}},"loc":{"start":{"line":5,"column":18},"end":{"line":123,"column":1}},"line":5},"1":{"name":"(anonymous_1)","decl":{"start":{"line":6,"column":40},"end":{"line":6,"column":46}},"loc":{"start":{"line":6,"column":46},"end":{"line":13,"column":1}},"line":6},"2":{"name":"(anonymous_2)","decl":{"start":{"line":17,"column":10},"end":{"line":17,"column":16}},"loc":{"start":{"line":17,"column":16},"end":{"line":19,"column":3}},"line":17},"3":{"name":"handleSubmit","decl":{"start":{"line":21,"column":9},"end":{"line":21,"column":22}},"loc":{"start":{"line":21,"column":29},"end":{"line":34,"column":1}},"line":21},"4":{"name":"(anonymous_4)","decl":{"start":{"line":29,"column":15},"end":{"line":29,"column":23}},"loc":{"start":{"line":29,"column":23},"end":{"line":32,"column":3}},"line":29},"5":{"name":"onInputChange","decl":{"start":{"line":36,"column":9},"end":{"line":36,"column":23}},"loc":{"start":{"line":36,"column":26},"end":{"line":39,"column":1}},"line":36},"6":{"name":"onDelete","decl":{"start":{"line":41,"column":9},"end":{"line":41,"column":18}},"loc":{"start":{"line":41,"column":22},"end":{"line":43,"column":1}},"line":41},"7":{"name":"(anonymous_7)","decl":{"start":{"line":42,"column":15},"end":{"line":42,"column":23}},"loc":{"start":{"line":42,"column":23},"end":{"line":42,"column":58}},"line":42},"8":{"name":"(anonymous_8)","decl":{"start":{"line":42,"column":35},"end":{"line":42,"column":43}},"loc":{"start":{"line":42,"column":43},"end":{"line":42,"column":57}},"line":42},"9":{"name":"onCheckboxChange","decl":{"start":{"line":45,"column":9},"end":{"line":45,"column":26}},"loc":{"start":{"line":45,"column":30},"end":{"line":51,"column":1}},"line":45},"10":{"name":"(anonymous_10)","decl":{"start":{"line":46,"column":15},"end":{"line":46,"column":null}},"loc":{"start":{"line":47,"column":4},"end":{"line":49,"column":null}},"line":47},"11":{"name":"(anonymous_11)","decl":{"start":{"line":47,"column":13},"end":{"line":47,"column":null}},"loc":{"start":{"line":48,"column":6},"end":{"line":48,"column":null}},"line":48},"12":{"name":"getVisibleHabits","decl":{"start":{"line":53,"column":9},"end":{"line":53,"column":28}},"loc":{"start":{"line":53,"column":28},"end":{"line":67,"column":null}},"line":53},"13":{"name":"(anonymous_13)","decl":{"start":{"line":57,"column":36},"end":{"line":57,"column":44}},"loc":{"start":{"line":57,"column":44},"end":{"line":57,"column":54}},"line":57},"14":{"name":"(anonymous_14)","decl":{"start":{"line":60,"column":34},"end":{"line":60,"column":42}},"loc":{"start":{"line":60,"column":42},"end":{"line":60,"column":51}},"line":60},"15":{"name":"onDeleteCompleted","decl":{"start":{"line":69,"column":9},"end":{"line":69,"column":30}},"loc":{"start":{"line":69,"column":30},"end":{"line":72,"column":1}},"line":69},"16":{"name":"(anonymous_16)","decl":{"start":{"line":70,"column":15},"end":{"line":70,"column":23}},"loc":{"start":{"line":70,"column":23},"end":{"line":70,"column":54}},"line":70},"17":{"name":"(anonymous_17)","decl":{"start":{"line":70,"column":35},"end":{"line":70,"column":43}},"loc":{"start":{"line":70,"column":43},"end":{"line":70,"column":53}},"line":70},"18":{"name":"onInlineEdit","decl":{"start":{"line":74,"column":9},"end":{"line":74,"column":22}},"loc":{"start":{"line":74,"column":36},"end":{"line":82,"column":null}},"line":74},"19":{"name":"(anonymous_19)","decl":{"start":{"line":76,"column":15},"end":{"line":76,"column":23}},"loc":{"start":{"line":76,"column":23},"end":{"line":81,"column":4}},"line":76},"20":{"name":"(anonymous_20)","decl":{"start":{"line":76,"column":32},"end":{"line":76,"column":37}},"loc":{"start":{"line":76,"column":37},"end":{"line":81,"column":3}},"line":76},"21":{"name":"(anonymous_21)","decl":{"start":{"line":85,"column":33},"end":{"line":85,"column":38}},"loc":{"start":{"line":85,"column":38},"end":{"line":85,"column":44}},"line":85},"22":{"name":"(anonymous_22)","decl":{"start":{"line":95,"column":41},"end":{"line":95,"column":47}},"loc":{"start":{"line":95,"column":47},"end":{"line":95,"column":65}},"line":95},"23":{"name":"(anonymous_23)","decl":{"start":{"line":96,"column":41},"end":{"line":96,"column":47}},"loc":{"start":{"line":96,"column":47},"end":{"line":96,"column":68}},"line":96},"24":{"name":"(anonymous_24)","decl":{"start":{"line":97,"column":41},"end":{"line":97,"column":47}},"loc":{"start":{"line":97,"column":47},"end":{"line":97,"column":71}},"line":97},"25":{"name":"(anonymous_25)","decl":{"start":{"line":107,"column":26},"end":{"line":107,"column":null}},"loc":{"start":{"line":108,"column":10},"end":{"line":117,"column":null}},"line":108},"26":{"name":"(anonymous_26)","decl":{"start":{"line":109,"column":84},"end":{"line":109,"column":90}},"loc":{"start":{"line":109,"column":90},"end":{"line":109,"column":117}},"line":109},"27":{"name":"(anonymous_27)","decl":{"start":{"line":112,"column":23},"end":{"line":112,"column":24}},"loc":{"start":{"line":112,"column":33},"end":{"line":112,"column":null}},"line":112},"28":{"name":"(anonymous_28)","decl":{"start":{"line":116,"column":79},"end":{"line":116,"column":85}},"loc":{"start":{"line":116,"column":85},"end":{"line":116,"column":104}},"line":116}},"branchMap":{"0":{"loc":{"start":{"line":9,"column":11},"end":{"line":9,"column":null}},"type":"cond-expr","locations":[{"start":{"line":9,"column":19},"end":{"line":9,"column":39}},{"start":{"line":9,"column":39},"end":{"line":9,"column":null}}],"line":9},"1":{"loc":{"start":{"line":24,"column":14},"end":{"line":26,"column":null}},"type":"cond-expr","locations":[{"start":{"line":25,"column":4},"end":{"line":25,"column":null}},{"start":{"line":26,"column":4},"end":{"line":26,"column":null}}],"line":24},"2":{"loc":{"start":{"line":24,"column":14},"end":{"line":24,"column":null}},"type":"binary-expr","locations":[{"start":{"line":24,"column":14},"end":{"line":24,"column":47}},{"start":{"line":24,"column":47},"end":{"line":24,"column":null}}],"line":24},"3":{"loc":{"start":{"line":28,"column":2},"end":{"line":28,"column":null}},"type":"if","locations":[{"start":{"line":28,"column":2},"end":{"line":28,"column":null}},{"start":{},"end":{}}],"line":28},"4":{"loc":{"start":{"line":48,"column":6},"end":{"line":48,"column":null}},"type":"cond-expr","locations":[{"start":{"line":48,"column":23},"end":{"line":48,"column":55}},{"start":{"line":48,"column":55},"end":{"line":48,"column":null}}],"line":48},"5":{"loc":{"start":{"line":55,"column":2},"end":{"line":65,"column":null}},"type":"switch","locations":[{"start":{"line":56,"column":4},"end":{"line":58,"column":null}},{"start":{"line":59,"column":4},"end":{"line":61,"column":null}},{"start":{"line":62,"column":4},"end":{"line":62,"column":null}},{"start":{"line":63,"column":4},"end":{"line":64,"column":null}}],"line":55},"6":{"loc":{"start":{"line":77,"column":4},"end":{"line":79,"column":null}},"type":"if","locations":[{"start":{"line":77,"column":4},"end":{"line":79,"column":null}},{"start":{},"end":{}}],"line":77},"7":{"loc":{"start":{"line":95,"column":76},"end":{"line":95,"column":114}},"type":"cond-expr","locations":[{"start":{"line":95,"column":94},"end":{"line":95,"column":110}},{"start":{"line":95,"column":110},"end":{"line":95,"column":114}}],"line":95},"8":{"loc":{"start":{"line":96,"column":79},"end":{"line":96,"column":120}},"type":"cond-expr","locations":[{"start":{"line":96,"column":100},"end":{"line":96,"column":116}},{"start":{"line":96,"column":116},"end":{"line":96,"column":120}}],"line":96},"9":{"loc":{"start":{"line":97,"column":82},"end":{"line":97,"column":126}},"type":"cond-expr","locations":[{"start":{"line":97,"column":106},"end":{"line":97,"column":122}},{"start":{"line":97,"column":122},"end":{"line":97,"column":126}}],"line":97},"10":{"loc":{"start":{"line":106,"column":8},"end":{"line":118,"column":null}},"type":"cond-expr","locations":[{"start":{"line":106,"column":54},"end":{"line":106,"column":null}},{"start":{"line":107,"column":8},"end":{"line":118,"column":null}}],"line":106},"11":{"loc":{"start":{"line":106,"column":8},"end":{"line":106,"column":54}},"type":"binary-expr","locations":[{"start":{"line":106,"column":8},"end":{"line":106,"column":25}},{"start":{"line":106,"column":25},"end":{"line":106,"column":54}}],"line":106},"12":{"loc":{"start":{"line":106,"column":60},"end":{"line":106,"column":124}},"type":"cond-expr","locations":[{"start":{"line":106,"column":79},"end":{"line":106,"column":98}},{"start":{"line":106,"column":98},"end":{"line":106,"column":124}}],"line":106},"13":{"loc":{"start":{"line":110,"column":44},"end":{"line":110,"column":81}},"type":"cond-expr","locations":[{"start":{"line":110,"column":56},"end":{"line":110,"column":73}},{"start":{"line":110,"column":73},"end":{"line":110,"column":81}}],"line":110}},"s":{"0":84,"1":18,"2":18,"3":18,"4":0,"5":84,"6":84,"7":84,"8":55,"9":23,"10":23,"11":23,"12":23,"13":0,"14":23,"15":23,"16":23,"17":24,"18":24,"19":1,"20":1,"21":2,"22":10,"23":10,"24":16,"25":84,"26":84,"27":2,"28":3,"29":2,"30":2,"31":3,"32":2,"33":80,"34":84,"35":2,"36":2,"37":4,"38":2,"39":1,"40":1,"41":1,"42":1,"43":0,"44":84,"45":84,"46":65,"47":84,"48":1,"49":2,"50":2,"51":64,"52":10,"53":1,"54":1},"f":{"0":84,"1":18,"2":55,"3":23,"4":23,"5":24,"6":1,"7":1,"8":2,"9":10,"10":10,"11":16,"12":84,"13":3,"14":3,"15":2,"16":2,"17":4,"18":1,"19":1,"20":1,"21":65,"22":1,"23":2,"24":2,"25":64,"26":10,"27":1,"28":1},"b":{"0":[1,17],"1":[23,0],"2":[23,23],"3":[0,23],"4":[10,6],"5":[2,2,80,80],"6":[1,0],"7":[80,4],"8":[2,82],"9":[2,82],"10":[35,49],"11":[84,84],"12":[33,2],"13":[11,53]},"meta":{"lastBranch":14,"lastFunction":29,"lastStatement":55,"seen":{"f:5:9:5:18":0,"s:6:27:13:Infinity":0,"f:6:40:6:46":1,"s:7:2:12:Infinity":1,"s:8:18:8:Infinity":2,"s:9:4:9:Infinity":3,"b:9:19:9:39:9:39:9:Infinity":0,"s:11:4:11:Infinity":4,"s:14:32:14:Infinity":5,"s:15:24:15:Infinity":6,"s:17:0:19:Infinity":7,"f:17:10:17:16":2,"s:18:2:18:Infinity":8,"f:21:9:21:22":3,"s:22:2:22:Infinity":9,"s:23:15:23:Infinity":10,"s:24:14:26:Infinity":11,"b:25:4:25:Infinity:26:4:26:Infinity":1,"b:24:14:24:47:24:47:24:Infinity":2,"b:28:2:28:Infinity:undefined:undefined:undefined:undefined":3,"s:28:2:28:Infinity":12,"s:28:13:28:Infinity":13,"s:29:2:32:Infinity":14,"f:29:15:29:23":4,"s:29:23:32:3":15,"s:33:2:33:Infinity":16,"f:36:9:36:23":5,"s:37:16:37:Infinity":17,"s:38:2:38:Infinity":18,"f:41:9:41:18":6,"s:42:2:42:Infinity":19,"f:42:15:42:23":7,"s:42:23:42:58":20,"f:42:35:42:43":8,"s:42:43:42:57":21,"f:45:9:45:26":9,"s:46:2:50:Infinity":22,"f:46:15:46:Infinity":10,"s:47:4:49:Infinity":23,"f:47:13:47:Infinity":11,"s:48:6:48:Infinity":24,"b:48:23:48:55:48:55:48:Infinity":4,"f:53:9:53:28":12,"s:54:22:54:Infinity":25,"b:56:4:58:Infinity:59:4:61:Infinity:62:4:62:Infinity:63:4:64:Infinity":5,"s:55:2:65:Infinity":26,"s:57:6:57:Infinity":27,"f:57:36:57:44":13,"s:57:44:57:54":28,"s:58:6:58:Infinity":29,"s:60:4:60:Infinity":30,"f:60:34:60:42":14,"s:60:42:60:51":31,"s:61:6:61:Infinity":32,"s:64:6:64:Infinity":33,"s:66:2:66:Infinity":34,"f:69:9:69:30":15,"s:70:2:70:Infinity":35,"f:70:15:70:23":16,"s:70:23:70:54":36,"f:70:35:70:43":17,"s:70:43:70:53":37,"s:71:2:71:Infinity":38,"f:74:9:74:22":18,"s:76:2:81:Infinity":39,"f:76:15:76:23":19,"s:76:23:81:4":40,"f:76:32:76:37":20,"b:77:4:79:Infinity:undefined:undefined:undefined:undefined":6,"s:77:4:79:Infinity":41,"s:78:6:78:Infinity":42,"s:80:4:80:Infinity":43,"s:84:22:84:Infinity":44,"s:85:21:85:Infinity":45,"f:85:33:85:38":21,"s:85:38:85:44":46,"s:87:0:121:Infinity":47,"f:95:41:95:47":22,"s:95:47:95:65":48,"b:95:94:95:110:95:110:95:114":7,"f:96:41:96:47":23,"s:96:47:96:68":49,"b:96:100:96:116:96:116:96:120":8,"f:97:41:97:47":24,"s:97:47:97:71":50,"b:97:106:97:122:97:122:97:126":9,"b:106:54:106:Infinity:107:8:118:Infinity":10,"b:106:8:106:25:106:25:106:54":11,"b:106:79:106:98:106:98:106:124":12,"f:107:26:107:Infinity":25,"s:108:10:117:Infinity":51,"f:109:84:109:90":26,"s:109:90:109:117":52,"b:110:56:110:73:110:73:110:81":13,"f:112:23:112:24":27,"s:112:33:112:Infinity":53,"f:116:79:116:85":28,"s:116:85:116:104":54}}}
,"/Users/niyatigadpande/Desktop/habit-tracker/src/styles/Habits.scss": {"path":"/Users/niyatigadpande/Desktop/habit-tracker/src/styles/Habits.scss","statementMap":{},"fnMap":{},"branchMap":{},"s":{},"f":{},"b":{},"meta":{"lastBranch":0,"lastFunction":0,"lastStatement":0,"seen":{}}}
}
